<?xml version="1.0" encoding="UTF-8"?>
<robot generator="Robot 4.1.3 (Python 3.10.2 on win32)" generated="20220309 17:32:53.189" rpa="false" schemaversion="2">
<suite id="s1" name="Saucedemo2" source="D:\RobotRF\saucedemo2.robot">
<kw name="Open Browser" library="SeleniumLibrary" type="SETUP">
<arg>${webURL}</arg>
<arg>${BROWSERS}</arg>
<doc>Opens a new browser instance to the optional ``url``.</doc>
<msg timestamp="20220309 17:32:53.368" level="INFO">Opening browser 'Chrome' to base url 'https:/www.saucedemo.com'.</msg>
<status status="PASS" starttime="20220309 17:32:53.368" endtime="20220309 17:32:55.777"/>
</kw>
<test id="s1-t1" name="Login with invalid user A">
<kw name="I Login with invalid username and invalid password">
<arg>userA</arg>
<arg>passwordA</arg>
<kw name="Maximize Browser Window" library="SeleniumLibrary">
<doc>Maximizes current browser window.</doc>
<status status="PASS" starttime="20220309 17:32:55.778" endtime="20220309 17:32:55.907"/>
</kw>
<kw name="Input Text" library="SeleniumLibrary">
<arg>id=user-name</arg>
<arg>${username}</arg>
<doc>Types the given ``text`` into the text field identified by ``locator``.</doc>
<msg timestamp="20220309 17:32:55.908" level="INFO">Typing text 'userA' into text field 'id=user-name'.</msg>
<status status="PASS" starttime="20220309 17:32:55.907" endtime="20220309 17:32:56.008"/>
</kw>
<kw name="Input Text" library="SeleniumLibrary">
<arg>id=password</arg>
<arg>${password}</arg>
<doc>Types the given ``text`` into the text field identified by ``locator``.</doc>
<msg timestamp="20220309 17:32:56.008" level="INFO">Typing text 'passwordA' into text field 'id=password'.</msg>
<status status="PASS" starttime="20220309 17:32:56.008" endtime="20220309 17:32:56.088"/>
</kw>
<kw name="Click Element" library="SeleniumLibrary">
<arg>id=login-button</arg>
<doc>Click the element identified by ``locator``.</doc>
<msg timestamp="20220309 17:32:56.088" level="INFO">Clicking element 'id=login-button'.</msg>
<status status="PASS" starttime="20220309 17:32:56.088" endtime="20220309 17:32:56.154"/>
</kw>
<kw name="Page Should Contain" library="SeleniumLibrary">
<arg>Epic sadface: Username and password do not match any user in this service</arg>
<doc>Verifies that current page contains ``text``.</doc>
<msg timestamp="20220309 17:32:56.170" level="INFO">Current page contains text 'Epic sadface: Username and password do not match any user in this service'.</msg>
<status status="PASS" starttime="20220309 17:32:56.154" endtime="20220309 17:32:56.170"/>
</kw>
<status status="PASS" starttime="20220309 17:32:55.778" endtime="20220309 17:32:56.170"/>
</kw>
<status status="PASS" starttime="20220309 17:32:55.777" endtime="20220309 17:32:56.171"/>
</test>
<test id="s1-t2" name="Login with invalid user B">
<kw name="I Login with invalid username and invalid password">
<arg>userB</arg>
<arg>passwordB</arg>
<kw name="Maximize Browser Window" library="SeleniumLibrary">
<doc>Maximizes current browser window.</doc>
<status status="PASS" starttime="20220309 17:32:56.172" endtime="20220309 17:32:56.176"/>
</kw>
<kw name="Input Text" library="SeleniumLibrary">
<arg>id=user-name</arg>
<arg>${username}</arg>
<doc>Types the given ``text`` into the text field identified by ``locator``.</doc>
<msg timestamp="20220309 17:32:56.177" level="INFO">Typing text 'userB' into text field 'id=user-name'.</msg>
<status status="PASS" starttime="20220309 17:32:56.176" endtime="20220309 17:32:56.226"/>
</kw>
<kw name="Input Text" library="SeleniumLibrary">
<arg>id=password</arg>
<arg>${password}</arg>
<doc>Types the given ``text`` into the text field identified by ``locator``.</doc>
<msg timestamp="20220309 17:32:56.227" level="INFO">Typing text 'passwordB' into text field 'id=password'.</msg>
<status status="PASS" starttime="20220309 17:32:56.226" endtime="20220309 17:32:56.285"/>
</kw>
<kw name="Click Element" library="SeleniumLibrary">
<arg>id=login-button</arg>
<doc>Click the element identified by ``locator``.</doc>
<msg timestamp="20220309 17:32:56.285" level="INFO">Clicking element 'id=login-button'.</msg>
<status status="PASS" starttime="20220309 17:32:56.285" endtime="20220309 17:32:56.313"/>
</kw>
<kw name="Page Should Contain" library="SeleniumLibrary">
<arg>Epic sadface: Username and password do not match any user in this service</arg>
<doc>Verifies that current page contains ``text``.</doc>
<msg timestamp="20220309 17:32:56.324" level="INFO">Current page contains text 'Epic sadface: Username and password do not match any user in this service'.</msg>
<status status="PASS" starttime="20220309 17:32:56.313" endtime="20220309 17:32:56.324"/>
</kw>
<status status="PASS" starttime="20220309 17:32:56.172" endtime="20220309 17:32:56.325"/>
</kw>
<status status="PASS" starttime="20220309 17:32:56.172" endtime="20220309 17:32:56.325"/>
</test>
<test id="s1-t3" name="Login with invalid user C">
<kw name="I Login with invalid username and invalid password">
<arg>userc</arg>
<arg>passwordC</arg>
<kw name="Maximize Browser Window" library="SeleniumLibrary">
<doc>Maximizes current browser window.</doc>
<status status="PASS" starttime="20220309 17:32:56.327" endtime="20220309 17:32:56.330"/>
</kw>
<kw name="Input Text" library="SeleniumLibrary">
<arg>id=user-name</arg>
<arg>${username}</arg>
<doc>Types the given ``text`` into the text field identified by ``locator``.</doc>
<msg timestamp="20220309 17:32:56.331" level="INFO">Typing text 'userc' into text field 'id=user-name'.</msg>
<status status="PASS" starttime="20220309 17:32:56.330" endtime="20220309 17:32:56.382"/>
</kw>
<kw name="Input Text" library="SeleniumLibrary">
<arg>id=password</arg>
<arg>${password}</arg>
<doc>Types the given ``text`` into the text field identified by ``locator``.</doc>
<msg timestamp="20220309 17:32:56.382" level="INFO">Typing text 'passwordC' into text field 'id=password'.</msg>
<status status="PASS" starttime="20220309 17:32:56.382" endtime="20220309 17:32:56.442"/>
</kw>
<kw name="Click Element" library="SeleniumLibrary">
<arg>id=login-button</arg>
<doc>Click the element identified by ``locator``.</doc>
<msg timestamp="20220309 17:32:56.443" level="INFO">Clicking element 'id=login-button'.</msg>
<status status="PASS" starttime="20220309 17:32:56.442" endtime="20220309 17:32:56.467"/>
</kw>
<kw name="Page Should Contain" library="SeleniumLibrary">
<arg>Epic sadface: Username and password do not match any user in this service</arg>
<doc>Verifies that current page contains ``text``.</doc>
<msg timestamp="20220309 17:32:56.478" level="INFO">Current page contains text 'Epic sadface: Username and password do not match any user in this service'.</msg>
<status status="PASS" starttime="20220309 17:32:56.467" endtime="20220309 17:32:56.478"/>
</kw>
<status status="PASS" starttime="20220309 17:32:56.326" endtime="20220309 17:32:56.478"/>
</kw>
<status status="PASS" starttime="20220309 17:32:56.326" endtime="20220309 17:32:56.479"/>
</test>
<kw name="Close Browser" library="SeleniumLibrary" type="TEARDOWN">
<doc>Closes the current browser.</doc>
<status status="PASS" starttime="20220309 17:32:56.480" endtime="20220309 17:32:58.721"/>
</kw>
<status status="PASS" starttime="20220309 17:32:53.191" endtime="20220309 17:32:58.721"/>
</suite>
<statistics>
<total>
<stat pass="3" fail="0" skip="0">All Tests</stat>
</total>
<tag>
</tag>
<suite>
<stat pass="3" fail="0" skip="0" id="s1" name="Saucedemo2">Saucedemo2</stat>
</suite>
</statistics>
<errors>
</errors>
</robot>
